Name of the selected graph: /content/medical_ner_graphs/blstm_21_200_128_83.pb
Training started - total epochs: 20 - lr: 0.003 - batch size: 32 - labels: 21 - chars: 82 - training examples: 15951


Epoch 1/20 started, lr: 0.003, dataset size: 15951


Epoch 1/20 - 116.20s - loss: 2479.1682 - avg training loss: 6.244756 - batches: 397
Quality on validation dataset (20.0%), validation examples = 3190
time to finish evaluation: 30.87s
Total validation loss: 290.7821	Avg validation loss: 2.8508
label	 tp	 fp	 fn	 prec	 rec	 f1
B-DRUG	 287	 36	 55	 0.8885449	 0.8391813	 0.8631579
B-STRENGTH	 15	 2	 19	 0.88235295	 0.44117647	 0.5882353
I-TREATMENT	 2232	 314	 595	 0.8766693	 0.78952956	 0.8308208
I-DURATION	 1	 0	 18	 1.0	 0.05263158	 0.099999994
I-PROBLEM	 4679	 1187	 703	 0.7976475	 0.8693794	 0.8319701
I-STRENGTH	 84	 24	 11	 0.7777778	 0.8842105	 0.82758623
B-PROBLEM	 2887	 523	 281	 0.8466276	 0.9113005	 0.87777436
I-FREQUENCY	 59	 21	 14	 0.7375	 0.8082192	 0.77124184
I-TEST	 766	 197	 254	 0.79543096	 0.7509804	 0.77256685
B-TEST	 732	 165	 170	 0.8160535	 0.81152993	 0.8137854
B-TREATMENT	 1513	 244	 359	 0.8611269	 0.80822647	 0.8338385
B-FORM	 0	 0	 3	 0.0	 0.0	 0.0
B-DOSAGE	 12	 10	 26	 0.54545456	 0.31578946	 0.39999998
I-DOSAGE	 13	 4	 34	 0.7647059	 0.27659574	 0.40625003
I-DRUG	 56	 16	 39	 0.7777778	 0.58947366	 0.6706587
I-ROUTE	 13	 3	 10	 0.8125	 0.5652174	 0.6666667
B-ROUTE	 21	 2	 7	 0.9130435	 0.75	 0.8235294
B-DURATION	 0	 0	 7	 0.0	 0.0	 0.0
B-FREQUENCY	 0	 0	 14	 0.0	 0.0	 0.0
I-FORM	 7	 0	 18	 1.0	 0.28	 0.4375
tp: 13377 fp: 2748 fn: 2637 labels: 20
Macro-average	 prec: 0.7046607, rec: 0.5371721, f1: 0.60962164
Micro-average	 prec: 0.8295814, rec: 0.83533156, f1: 0.8324466
Quality on test dataset: 
time to finish evaluation: 9.43s
Total test loss: 179.7487	Avg test loss: 2.8992
label	 tp	 fp	 fn	 prec	 rec	 f1
B-DRUG	 178	 33	 40	 0.8436019	 0.8165138	 0.8298368
B-STRENGTH	 20	 2	 6	 0.90909094	 0.7692308	 0.8333333
I-TREATMENT	 1377	 190	 304	 0.8787492	 0.8191553	 0.8479064
I-DURATION	 1	 0	 26	 1.0	 0.037037037	 0.071428575
I-PROBLEM	 2765	 710	 490	 0.79568344	 0.8494624	 0.82169384
I-STRENGTH	 76	 12	 4	 0.8636364	 0.95	 0.9047619
B-PROBLEM	 1593	 309	 175	 0.83753943	 0.9010181	 0.8681199
I-FREQUENCY	 44	 27	 22	 0.6197183	 0.6666667	 0.6423357
I-TEST	 530	 123	 132	 0.8116386	 0.8006042	 0.8060837
B-TEST	 491	 89	 94	 0.8465517	 0.83931625	 0.84291846
B-TREATMENT	 892	 164	 213	 0.844697	 0.80723983	 0.8255438
B-DOSAGE	 9	 7	 7	 0.5625	 0.5625	 0.5625
I-DOSAGE	 9	 3	 8	 0.75	 0.5294118	 0.6206897
I-DRUG	 45	 15	 29	 0.75	 0.6081081	 0.6716418
I-ROUTE	 16	 2	 6	 0.8888889	 0.72727275	 0.8
B-ROUTE	 13	 0	 6	 1.0	 0.68421054	 0.8125
B-DURATION	 0	 0	 6	 0.0	 0.0	 0.0
B-FREQUENCY	 0	 0	 15	 0.0	 0.0	 0.0
I-FORM	 4	 0	 13	 1.0	 0.23529412	 0.3809524
tp: 8063 fp: 1686 fn: 1596 labels: 19
Macro-average	 prec: 0.74748933, rec: 0.6106865, f1: 0.6721982
Micro-average	 prec: 0.8270592, rec: 0.8347655, f1: 0.8308945


Epoch 2/20 started, lr: 0.0029850747, dataset size: 15951


Epoch 2/20 - 112.91s - loss: 1077.07 - avg training loss: 2.7130225 - batches: 397
Quality on validation dataset (20.0%), validation examples = 3190
time to finish evaluation: 29.46s
Total validation loss: 203.4810	Avg validation loss: 1.9949
label	 tp	 fp	 fn	 prec	 rec	 f1
B-DRUG	 304	 28	 38	 0.91566265	 0.8888889	 0.90207714
B-STRENGTH	 25	 2	 9	 0.9259259	 0.7352941	 0.8196721
I-TREATMENT	 2376	 403	 451	 0.8549838	 0.8404669	 0.84766316
I-DURATION	 5	 4	 14	 0.5555556	 0.2631579	 0.35714287
I-PROBLEM	 4931	 1039	 451	 0.82596314	 0.9162021	 0.86874557
I-STRENGTH	 87	 17	 8	 0.83653843	 0.9157895	 0.8743718
B-PROBLEM	 2917	 420	 251	 0.8741385	 0.9207702	 0.89684856
I-FREQUENCY	 63	 22	 10	 0.7411765	 0.8630137	 0.7974684
I-TEST	 795	 118	 225	 0.87075573	 0.7794118	 0.8225556
B-TEST	 728	 92	 174	 0.88780487	 0.80709535	 0.8455284
B-TREATMENT	 1593	 259	 279	 0.8601512	 0.85096157	 0.8555317
B-FORM	 0	 0	 3	 0.0	 0.0	 0.0
B-DOSAGE	 17	 4	 21	 0.8095238	 0.4473684	 0.5762712
I-DOSAGE	 19	 4	 28	 0.82608694	 0.40425533	 0.5428571
I-DRUG	 67	 16	 28	 0.8072289	 0.70526314	 0.752809
I-ROUTE	 18	 3	 5	 0.85714287	 0.7826087	 0.8181819
B-ROUTE	 22	 2	 6	 0.9166667	 0.78571427	 0.84615386
B-DURATION	 0	 0	 7	 0.0	 0.0	 0.0
B-FREQUENCY	 7	 0	 7	 1.0	 0.5	 0.6666667
I-FORM	 17	 0	 8	 1.0	 0.68	 0.80952376
tp: 13991 fp: 2433 fn: 2023 labels: 20
Macro-average	 prec: 0.76826525, rec: 0.6543131, f1: 0.70672524
Micro-average	 prec: 0.85186315, rec: 0.873673, f1: 0.86263025
Quality on test dataset: 
time to finish evaluation: 8.91s
Total test loss: 126.4306	Avg test loss: 2.0392
label	 tp	 fp	 fn	 prec	 rec	 f1
B-DRUG	 191	 26	 27	 0.88018435	 0.8761468	 0.8781609
B-STRENGTH	 24	 1	 2	 0.96	 0.9230769	 0.9411765
I-TREATMENT	 1446	 203	 235	 0.87689507	 0.86020225	 0.86846846
I-DURATION	 9	 5	 18	 0.64285713	 0.33333334	 0.43902442
I-PROBLEM	 2914	 694	 341	 0.8076497	 0.8952381	 0.8491913
I-STRENGTH	 77	 9	 3	 0.89534885	 0.9625	 0.92771083
B-PROBLEM	 1604	 276	 164	 0.8531915	 0.9072398	 0.87938595
I-FREQUENCY	 49	 22	 17	 0.69014084	 0.74242425	 0.7153285
I-TEST	 531	 93	 131	 0.85096157	 0.8021148	 0.82581645
B-TEST	 482	 57	 103	 0.8942486	 0.82393163	 0.8576513
B-TREATMENT	 940	 165	 165	 0.85067874	 0.85067874	 0.85067874
B-DOSAGE	 11	 1	 5	 0.9166667	 0.6875	 0.78571427
I-DOSAGE	 12	 2	 5	 0.85714287	 0.7058824	 0.7741936
I-DRUG	 62	 16	 12	 0.7948718	 0.8378378	 0.81578946
I-ROUTE	 20	 1	 2	 0.95238096	 0.90909094	 0.9302326
B-ROUTE	 13	 0	 6	 1.0	 0.68421054	 0.8125
B-DURATION	 0	 0	 6	 0.0	 0.0	 0.0
B-FREQUENCY	 9	 1	 6	 0.9	 0.6	 0.72
I-FORM	 11	 0	 6	 1.0	 0.64705884	 0.7857143
tp: 8405 fp: 1572 fn: 1254 labels: 19
Macro-average	 prec: 0.8222747, rec: 0.739393, f1: 0.7786344
Micro-average	 prec: 0.8424376, rec: 0.8701729, f1: 0.8560807


Epoch 3/20 started, lr: 0.0029702971, dataset size: 15951


Epoch 3/20 - 112.64s - loss: 807.61285 - avg training loss: 2.0342894 - batches: 397
Quality on validation dataset (20.0%), validation examples = 3190
time to finish evaluation: 29.25s
Total validation loss: 166.6459	Avg validation loss: 1.6338
label	 tp	 fp	 fn	 prec	 rec	 f1
B-DRUG	 312	 28	 30	 0.91764706	 0.9122807	 0.91495603
B-STRENGTH	 28	 3	 6	 0.9032258	 0.8235294	 0.86153847
I-TREATMENT	 2495	 503	 332	 0.8322215	 0.882561	 0.85665244
I-DURATION	 5	 7	 14	 0.41666666	 0.2631579	 0.32258064
I-PROBLEM	 4796	 636	 586	 0.88291603	 0.8911185	 0.88699836
I-STRENGTH	 89	 15	 6	 0.8557692	 0.9368421	 0.8944723
B-PROBLEM	 2898	 295	 270	 0.9076104	 0.91477275	 0.9111775
I-FREQUENCY	 65	 21	 8	 0.75581396	 0.89041096	 0.81761
I-TEST	 827	 169	 193	 0.8303213	 0.81078434	 0.82043654
B-TEST	 770	 144	 132	 0.84245074	 0.85365856	 0.8480176
B-TREATMENT	 1654	 287	 218	 0.8521381	 0.883547	 0.86755836
B-FORM	 0	 0	 3	 0.0	 0.0	 0.0
B-DOSAGE	 22	 5	 16	 0.8148148	 0.57894737	 0.6769231
I-DOSAGE	 26	 6	 21	 0.8125	 0.5531915	 0.65822786
I-DRUG	 80	 18	 15	 0.81632656	 0.84210527	 0.82901555
I-ROUTE	 18	 1	 5	 0.94736844	 0.7826087	 0.85714287
B-ROUTE	 26	 3	 2	 0.8965517	 0.9285714	 0.91228074
B-DURATION	 2	 0	 5	 1.0	 0.2857143	 0.44444448
B-FREQUENCY	 8	 0	 6	 1.0	 0.5714286	 0.72727275
I-FORM	 17	 0	 8	 1.0	 0.68	 0.80952376
tp: 14138 fp: 2141 fn: 1876 labels: 20
Macro-average	 prec: 0.8142172, rec: 0.7142614, f1: 0.760971
Micro-average	 prec: 0.86848086, rec: 0.8828525, f1: 0.8756077
Quality on test dataset: 
time to finish evaluation: 9.22s
Total test loss: 103.6318	Avg test loss: 1.6715
label	 tp	 fp	 fn	 prec	 rec	 f1
B-DRUG	 197	 26	 21	 0.88340807	 0.9036697	 0.89342403
B-STRENGTH	 26	 1	 0	 0.962963	 1.0	 0.9811321
I-TREATMENT	 1504	 241	 177	 0.8618911	 0.89470553	 0.87799186
I-DURATION	 14	 2	 13	 0.875	 0.5185185	 0.6511628
I-PROBLEM	 2821	 404	 434	 0.8747287	 0.8666667	 0.870679
I-STRENGTH	 78	 9	 2	 0.8965517	 0.975	 0.93413174
B-PROBLEM	 1600	 187	 168	 0.89535534	 0.9049774	 0.90014064
I-FREQUENCY	 51	 21	 15	 0.7083333	 0.77272725	 0.73913044
I-TEST	 537	 122	 125	 0.814871	 0.81117827	 0.81302047
B-TEST	 497	 91	 88	 0.8452381	 0.84957266	 0.84739983
B-TREATMENT	 976	 179	 129	 0.84502167	 0.8832579	 0.86371684
B-DOSAGE	 11	 2	 5	 0.84615386	 0.6875	 0.7586207
I-DOSAGE	 12	 2	 5	 0.85714287	 0.7058824	 0.7741936
I-DRUG	 70	 19	 4	 0.78651685	 0.9459459	 0.8588957
I-ROUTE	 21	 1	 1	 0.95454544	 0.95454544	 0.95454544
B-ROUTE	 14	 0	 5	 1.0	 0.7368421	 0.8484848
B-DURATION	 2	 0	 4	 1.0	 0.33333334	 0.5
B-FREQUENCY	 10	 1	 5	 0.90909094	 0.6666667	 0.7692308
I-FORM	 12	 0	 5	 1.0	 0.7058824	 0.82758623
tp: 8453 fp: 1308 fn: 1206 labels: 19
Macro-average	 prec: 0.8850953, rec: 0.79562473, f1: 0.8379786
Micro-average	 prec: 0.8659973, rec: 0.87514234, f1: 0.8705458


Epoch 4/20 started, lr: 0.002955665, dataset size: 15951


Epoch 4/20 - 112.86s - loss: 667.3704 - avg training loss: 1.6810338 - batches: 397
Quality on validation dataset (20.0%), validation examples = 3190
time to finish evaluation: 29.46s
Total validation loss: 153.5536	Avg validation loss: 1.5054
label	 tp	 fp	 fn	 prec	 rec	 f1
B-DRUG	 302	 16	 40	 0.9496855	 0.88304096	 0.9151515
B-STRENGTH	 29	 1	 5	 0.96666664	 0.85294116	 0.90625
I-TREATMENT	 2409	 361	 418	 0.8696751	 0.85214007	 0.8608183
I-DURATION	 6	 12	 13	 0.33333334	 0.31578946	 0.3243243
I-PROBLEM	 4804	 645	 578	 0.88162965	 0.892605	 0.88708335
I-STRENGTH	 89	 13	 6	 0.872549	 0.9368421	 0.9035533
B-PROBLEM	 2853	 274	 315	 0.9123761	 0.9005682	 0.9064337
I-FREQUENCY	 60	 9	 13	 0.8695652	 0.82191783	 0.8450704
I-TEST	 858	 193	 162	 0.81636536	 0.84117645	 0.82858527
B-TEST	 775	 112	 127	 0.8737317	 0.8592018	 0.8664058
B-TREATMENT	 1538	 170	 334	 0.9004684	 0.8215812	 0.8592179
B-FORM	 0	 0	 3	 0.0	 0.0	 0.0
B-DOSAGE	 21	 6	 17	 0.7777778	 0.55263156	 0.64615387
I-DOSAGE	 31	 10	 16	 0.75609756	 0.65957445	 0.7045454
I-DRUG	 72	 9	 23	 0.8888889	 0.75789475	 0.8181819
I-ROUTE	 20	 3	 3	 0.8695652	 0.8695652	 0.8695652
B-ROUTE	 23	 1	 5	 0.9583333	 0.8214286	 0.8846154
B-DURATION	 0	 0	 7	 0.0	 0.0	 0.0
B-FREQUENCY	 7	 1	 7	 0.875	 0.5	 0.6363636
I-FORM	 18	 1	 7	 0.94736844	 0.72	 0.8181819
tp: 13915 fp: 1837 fn: 2099 labels: 20
Macro-average	 prec: 0.7659539, rec: 0.6929449, f1: 0.7276226
Micro-average	 prec: 0.8833799, rec: 0.8689272, f1: 0.8760939
Quality on test dataset: 
time to finish evaluation: 9.00s
Total test loss: 93.7079	Avg test loss: 1.5114
label	 tp	 fp	 fn	 prec	 rec	 f1
B-DRUG	 196	 18	 22	 0.91588783	 0.89908254	 0.90740734
B-STRENGTH	 25	 1	 1	 0.96153843	 0.96153843	 0.96153843
I-TREATMENT	 1432	 162	 249	 0.8983689	 0.8518739	 0.87450385
I-DURATION	 16	 12	 11	 0.5714286	 0.5925926	 0.58181816
I-PROBLEM	 2817	 436	 438	 0.8659699	 0.8654378	 0.8657038
I-STRENGTH	 79	 8	 1	 0.90804595	 0.9875	 0.94610775
B-PROBLEM	 1567	 184	 201	 0.8949172	 0.88631225	 0.8905939
I-FREQUENCY	 49	 15	 17	 0.765625	 0.74242425	 0.75384617
I-TEST	 564	 159	 98	 0.780083	 0.85196376	 0.8144405
B-TEST	 501	 84	 84	 0.85641026	 0.85641026	 0.85641026
B-TREATMENT	 887	 98	 218	 0.9005076	 0.80271494	 0.8488039
B-DOSAGE	 10	 3	 6	 0.7692308	 0.625	 0.6896552
I-DOSAGE	 12	 3	 5	 0.8	 0.7058824	 0.75
I-DRUG	 66	 11	 8	 0.85714287	 0.8918919	 0.8741722
I-ROUTE	 22	 1	 0	 0.95652175	 1.0	 0.9777778
B-ROUTE	 17	 1	 2	 0.9444444	 0.8947368	 0.9189189
B-DURATION	 1	 0	 5	 1.0	 0.16666667	 0.2857143
B-FREQUENCY	 10	 1	 5	 0.90909094	 0.6666667	 0.7692308
I-FORM	 11	 1	 6	 0.9166667	 0.64705884	 0.75862074
tp: 8282 fp: 1198 fn: 1377 labels: 19
Macro-average	 prec: 0.86694103, rec: 0.7839871, f1: 0.82337993
Micro-average	 prec: 0.8736287, rec: 0.8574387, f1: 0.86545795


Epoch 5/20 started, lr: 0.0029411765, dataset size: 15951


Epoch 5/20 - 112.04s - loss: 586.02704 - avg training loss: 1.4761386 - batches: 397
Quality on validation dataset (20.0%), validation examples = 3190
time to finish evaluation: 29.15s
Total validation loss: 145.5260	Avg validation loss: 1.4267
label	 tp	 fp	 fn	 prec	 rec	 f1
B-DRUG	 311	 30	 31	 0.9120235	 0.9093567	 0.9106882
B-STRENGTH	 27	 2	 7	 0.9310345	 0.7941176	 0.85714287
I-TREATMENT	 2392	 339	 435	 0.87586963	 0.8461266	 0.86074126
I-DURATION	 16	 16	 3	 0.5	 0.84210527	 0.627451
I-PROBLEM	 4734	 457	 648	 0.911963	 0.8795987	 0.89548856
I-STRENGTH	 88	 13	 7	 0.8712871	 0.9263158	 0.8979592
B-PROBLEM	 2886	 241	 282	 0.92292935	 0.9109849	 0.91691816
I-FREQUENCY	 59	 8	 14	 0.880597	 0.8082192	 0.8428571
I-TEST	 830	 155	 190	 0.84263957	 0.8137255	 0.82793015
B-TEST	 773	 120	 129	 0.8656215	 0.8569845	 0.8612814
B-TREATMENT	 1584	 190	 288	 0.8928974	 0.84615386	 0.86889744
B-FORM	 0	 0	 3	 0.0	 0.0	 0.0
B-DOSAGE	 23	 5	 15	 0.8214286	 0.6052632	 0.69696975
I-DOSAGE	 30	 7	 17	 0.8108108	 0.63829786	 0.71428573
I-DRUG	 71	 9	 24	 0.8875	 0.7473684	 0.81142855
I-ROUTE	 21	 2	 2	 0.9130435	 0.9130435	 0.9130435
B-ROUTE	 23	 1	 5	 0.9583333	 0.8214286	 0.8846154
B-DURATION	 0	 0	 7	 0.0	 0.0	 0.0
B-FREQUENCY	 7	 0	 7	 1.0	 0.5	 0.6666667
I-FORM	 19	 0	 6	 1.0	 0.76	 0.8636364
tp: 13894 fp: 1595 fn: 2120 labels: 20
Macro-average	 prec: 0.78989893, rec: 0.72095454, f1: 0.7538536
Micro-average	 prec: 0.8970237, rec: 0.8676158, f1: 0.8820747
Quality on test dataset: 
time to finish evaluation: 8.80s
Total test loss: 90.2451	Avg test loss: 1.4556
label	 tp	 fp	 fn	 prec	 rec	 f1
B-DRUG	 204	 30	 14	 0.8717949	 0.9357798	 0.9026548
B-STRENGTH	 26	 1	 0	 0.962963	 1.0	 0.9811321
I-TREATMENT	 1443	 158	 238	 0.9013117	 0.85841763	 0.87934184
I-DURATION	 16	 5	 11	 0.7619048	 0.5925926	 0.6666666
I-PROBLEM	 2800	 290	 455	 0.90614885	 0.86021507	 0.88258475
I-STRENGTH	 78	 7	 2	 0.91764706	 0.975	 0.9454546
B-PROBLEM	 1589	 155	 179	 0.9111239	 0.89875567	 0.9048975
I-FREQUENCY	 45	 5	 21	 0.9	 0.6818182	 0.7758621
I-TEST	 552	 143	 110	 0.7942446	 0.83383685	 0.81355935
B-TEST	 499	 83	 86	 0.8573883	 0.85299146	 0.85518426
B-TREATMENT	 919	 117	 186	 0.88706565	 0.8316742	 0.85847735
B-DOSAGE	 11	 1	 5	 0.9166667	 0.6875	 0.78571427
I-DOSAGE	 13	 2	 4	 0.8666667	 0.7647059	 0.8125
I-DRUG	 70	 11	 4	 0.86419755	 0.9459459	 0.9032258
I-ROUTE	 22	 1	 0	 0.95652175	 1.0	 0.9777778
B-ROUTE	 16	 0	 3	 1.0	 0.84210527	 0.9142857
B-DURATION	 2	 1	 4	 0.6666667	 0.33333334	 0.44444448
B-FREQUENCY	 10	 1	 5	 0.90909094	 0.6666667	 0.7692308
I-FORM	 14	 0	 3	 1.0	 0.8235294	 0.9032258
tp: 8329 fp: 1011 fn: 1330 labels: 19
Macro-average	 prec: 0.886916, rec: 0.8097299, f1: 0.8465672
Micro-average	 prec: 0.8917559, rec: 0.86230457, f1: 0.87678295


Epoch 6/20 started, lr: 0.0029268293, dataset size: 15951


Epoch 6/20 - 112.80s - loss: 530.42786 - avg training loss: 1.3360903 - batches: 397
Quality on validation dataset (20.0%), validation examples = 3190
time to finish evaluation: 29.36s
Total validation loss: 149.1992	Avg validation loss: 1.4627
label	 tp	 fp	 fn	 prec	 rec	 f1
B-DRUG	 310	 20	 32	 0.93939394	 0.90643275	 0.92261904
B-STRENGTH	 28	 1	 6	 0.9655172	 0.8235294	 0.8888889
I-TREATMENT	 2302	 296	 525	 0.8860662	 0.81429076	 0.8486636
I-DURATION	 11	 10	 8	 0.52380955	 0.57894737	 0.54999995
I-PROBLEM	 4860	 690	 522	 0.8756757	 0.90301	 0.8891328
I-STRENGTH	 90	 12	 5	 0.88235295	 0.94736844	 0.9137056
B-PROBLEM	 2951	 372	 217	 0.88805294	 0.9315025	 0.9092589
I-FREQUENCY	 59	 9	 14	 0.86764705	 0.8082192	 0.83687943
I-TEST	 891	 351	 129	 0.7173913	 0.87352943	 0.78779846
B-TEST	 782	 158	 120	 0.8319149	 0.8669623	 0.8490771
B-TREATMENT	 1584	 227	 288	 0.8746549	 0.84615386	 0.8601684
B-FORM	 1	 1	 2	 0.5	 0.33333334	 0.4
B-DOSAGE	 23	 7	 15	 0.76666665	 0.6052632	 0.6764706
I-DOSAGE	 31	 9	 16	 0.775	 0.65957445	 0.71264374
I-DRUG	 72	 9	 23	 0.8888889	 0.75789475	 0.8181819
I-ROUTE	 21	 3	 2	 0.875	 0.9130435	 0.89361703
B-ROUTE	 24	 1	 4	 0.96	 0.85714287	 0.9056604
B-DURATION	 1	 0	 6	 1.0	 0.14285715	 0.25
B-FREQUENCY	 5	 0	 9	 1.0	 0.35714287	 0.52631575
I-FORM	 21	 1	 4	 0.95454544	 0.84	 0.893617
tp: 14067 fp: 2177 fn: 1947 labels: 20
Macro-average	 prec: 0.8486289, rec: 0.7383099, f1: 0.7896348
Micro-average	 prec: 0.8659813, rec: 0.87841886, f1: 0.8721557
Quality on test dataset: 
time to finish evaluation: 9.04s
Total test loss: 91.1404	Avg test loss: 1.4700
label	 tp	 fp	 fn	 prec	 rec	 f1
B-DRUG	 196	 22	 22	 0.89908254	 0.89908254	 0.89908254
B-STRENGTH	 25	 0	 1	 1.0	 0.96153843	 0.98039216
I-TREATMENT	 1421	 139	 260	 0.91089743	 0.8453302	 0.8768899
I-DURATION	 15	 5	 12	 0.75	 0.5555556	 0.6382979
I-PROBLEM	 2857	 421	 398	 0.871568	 0.87772655	 0.8746365
I-STRENGTH	 78	 9	 2	 0.8965517	 0.975	 0.93413174
B-PROBLEM	 1629	 224	 139	 0.8791149	 0.9213801	 0.8997514
I-FREQUENCY	 48	 9	 18	 0.84210527	 0.72727275	 0.78048784
I-TEST	 598	 212	 64	 0.7382716	 0.90332323	 0.81249994
B-TEST	 520	 103	 65	 0.83467096	 0.8888889	 0.86092716
B-TREATMENT	 948	 139	 157	 0.8721251	 0.85791856	 0.8649635
B-FORM	 0	 4	 0	 0.0	 0.0	 0.0
B-DOSAGE	 12	 1	 4	 0.9230769	 0.75	 0.82758623
I-DOSAGE	 13	 2	 4	 0.8666667	 0.7647059	 0.8125
I-DRUG	 64	 11	 10	 0.85333335	 0.8648649	 0.85906035
I-ROUTE	 22	 0	 0	 1.0	 1.0	 1.0
B-ROUTE	 18	 0	 1	 1.0	 0.94736844	 0.972973
B-DURATION	 2	 1	 4	 0.6666667	 0.33333334	 0.44444448
B-FREQUENCY	 8	 1	 7	 0.8888889	 0.53333336	 0.6666667
I-FORM	 13	 0	 4	 1.0	 0.7647059	 0.8666667
tp: 8487 fp: 1303 fn: 1172 labels: 20
Macro-average	 prec: 0.834651, rec: 0.7685665, f1: 0.8002468
Micro-average	 prec: 0.86690503, rec: 0.8786624, f1: 0.8727441


Epoch 7/20 started, lr: 0.0029126215, dataset size: 15951


Epoch 7/20 - 111.84s - loss: 485.73358 - avg training loss: 1.2235103 - batches: 397
Quality on validation dataset (20.0%), validation examples = 3190
time to finish evaluation: 29.25s
Total validation loss: 150.4331	Avg validation loss: 1.4748
label	 tp	 fp	 fn	 prec	 rec	 f1
B-DRUG	 295	 13	 47	 0.9577922	 0.8625731	 0.9076923
B-STRENGTH	 31	 1	 3	 0.96875	 0.9117647	 0.939394
I-TREATMENT	 2458	 366	 369	 0.8703966	 0.8694729	 0.8699345
I-DURATION	 11	 11	 8	 0.5	 0.57894737	 0.5365854
I-PROBLEM	 4906	 767	 476	 0.8647982	 0.911557	 0.88756216
I-STRENGTH	 90	 15	 5	 0.85714287	 0.94736844	 0.9
B-PROBLEM	 2945	 386	 223	 0.88411885	 0.9296086	 0.9062933
I-FREQUENCY	 52	 4	 21	 0.9285714	 0.7123288	 0.8062016
I-TEST	 911	 410	 109	 0.6896291	 0.8931373	 0.77829987
B-TEST	 805	 182	 97	 0.81560284	 0.8924612	 0.8523028
B-TREATMENT	 1629	 224	 243	 0.8791149	 0.8701923	 0.87463087
B-FORM	 0	 1	 3	 0.0	 0.0	 0.0
B-DOSAGE	 19	 6	 19	 0.76	 0.5	 0.6031746
I-DOSAGE	 19	 3	 28	 0.8636364	 0.40425533	 0.5507247
I-DRUG	 69	 10	 26	 0.87341774	 0.7263158	 0.79310346
I-ROUTE	 21	 2	 2	 0.9130435	 0.9130435	 0.9130435
B-ROUTE	 24	 1	 4	 0.96	 0.85714287	 0.9056604
B-DURATION	 1	 0	 6	 1.0	 0.14285715	 0.25
B-FREQUENCY	 6	 1	 8	 0.85714287	 0.42857143	 0.5714286
I-FORM	 19	 1	 6	 0.95	 0.76	 0.84444445
tp: 14311 fp: 2404 fn: 1703 labels: 20
Macro-average	 prec: 0.8196579, rec: 0.70557994, f1: 0.7583528
Micro-average	 prec: 0.8561771, rec: 0.89365554, f1: 0.874515
Quality on test dataset: 
time to finish evaluation: 8.89s
Total test loss: 95.5326	Avg test loss: 1.5408
label	 tp	 fp	 fn	 prec	 rec	 f1
B-DRUG	 192	 15	 26	 0.92753625	 0.88073397	 0.9035294
B-STRENGTH	 26	 1	 0	 0.962963	 1.0	 0.9811321
I-TREATMENT	 1431	 186	 250	 0.88497216	 0.851279	 0.86779875
I-DURATION	 15	 0	 12	 1.0	 0.5555556	 0.71428573
I-PROBLEM	 2942	 497	 313	 0.85548127	 0.90384024	 0.87899613
I-STRENGTH	 77	 10	 3	 0.88505745	 0.9625	 0.9221557
B-PROBLEM	 1635	 235	 133	 0.87433153	 0.92477375	 0.89884555
I-FREQUENCY	 39	 1	 27	 0.975	 0.59090906	 0.735849
I-TEST	 602	 234	 60	 0.7200957	 0.90936553	 0.8037383
B-TEST	 524	 122	 61	 0.8111455	 0.8957265	 0.8513404
B-TREATMENT	 956	 149	 149	 0.8651584	 0.8651584	 0.8651584
B-FORM	 0	 1	 0	 0.0	 0.0	 0.0
B-DOSAGE	 7	 0	 9	 1.0	 0.4375	 0.6086956
I-DOSAGE	 7	 1	 10	 0.875	 0.4117647	 0.56
I-DRUG	 61	 5	 13	 0.92424244	 0.8243243	 0.87142855
I-ROUTE	 22	 0	 0	 1.0	 1.0	 1.0
B-ROUTE	 16	 0	 3	 1.0	 0.84210527	 0.9142857
B-DURATION	 1	 0	 5	 1.0	 0.16666667	 0.2857143
B-FREQUENCY	 11	 0	 4	 1.0	 0.73333335	 0.84615386
I-FORM	 12	 1	 5	 0.9230769	 0.7058824	 0.8
tp: 8576 fp: 1458 fn: 1083 labels: 20
Macro-average	 prec: 0.874203, rec: 0.723071, f1: 0.791487
Micro-average	 prec: 0.85469407, rec: 0.8878766, f1: 0.8709694


Epoch 8/20 started, lr: 0.0028985508, dataset size: 15951


Epoch 8/20 - 112.18s - loss: 447.27554 - avg training loss: 1.1266387 - batches: 397
Quality on validation dataset (20.0%), validation examples = 3190
time to finish evaluation: 29.40s
Total validation loss: 138.2275	Avg validation loss: 1.3552
label	 tp	 fp	 fn	 prec	 rec	 f1
B-DRUG	 308	 20	 34	 0.9390244	 0.9005848	 0.919403
B-STRENGTH	 28	 1	 6	 0.9655172	 0.8235294	 0.8888889
I-TREATMENT	 2535	 525	 292	 0.82843137	 0.8967103	 0.86121964
I-DURATION	 11	 5	 8	 0.6875	 0.57894737	 0.62857145
I-PROBLEM	 4663	 377	 719	 0.92519844	 0.86640656	 0.89483786
I-STRENGTH	 89	 10	 6	 0.8989899	 0.9368421	 0.91752577
B-PROBLEM	 2876	 225	 292	 0.9274428	 0.9078283	 0.91753066
I-FREQUENCY	 62	 9	 11	 0.87323946	 0.84931505	 0.86111116
I-TEST	 851	 150	 169	 0.85014987	 0.83431375	 0.84215736
B-TEST	 774	 92	 128	 0.89376444	 0.85809314	 0.87556565
B-TREATMENT	 1690	 300	 182	 0.8492462	 0.9027778	 0.8751942
B-FORM	 0	 0	 3	 0.0	 0.0	 0.0
B-DOSAGE	 23	 7	 15	 0.76666665	 0.6052632	 0.6764706
I-DOSAGE	 30	 8	 17	 0.7894737	 0.63829786	 0.7058823
I-DRUG	 73	 9	 22	 0.8902439	 0.76842105	 0.8248588
I-ROUTE	 21	 5	 2	 0.8076923	 0.9130435	 0.8571428
B-ROUTE	 23	 2	 5	 0.92	 0.8214286	 0.8679245
B-DURATION	 2	 0	 5	 1.0	 0.2857143	 0.44444448
B-FREQUENCY	 9	 1	 5	 0.9	 0.64285713	 0.74999994
I-FORM	 19	 0	 6	 1.0	 0.76	 0.8636364
tp: 14087 fp: 1746 fn: 1927 labels: 20
Macro-average	 prec: 0.835629, rec: 0.73951876, f1: 0.78464174
Micro-average	 prec: 0.889724, rec: 0.8796678, f1: 0.88466734
Quality on test dataset: 
time to finish evaluation: 8.85s
Total test loss: 86.0559	Avg test loss: 1.3880
label	 tp	 fp	 fn	 prec	 rec	 f1
B-DRUG	 196	 21	 22	 0.9032258	 0.89908254	 0.9011494
B-STRENGTH	 24	 0	 2	 1.0	 0.9230769	 0.96000004
I-TREATMENT	 1518	 283	 163	 0.84286505	 0.9030339	 0.87191266
I-DURATION	 14	 0	 13	 1.0	 0.5185185	 0.68292683
I-PROBLEM	 2765	 280	 490	 0.90804595	 0.8494624	 0.87777776
I-STRENGTH	 79	 9	 1	 0.89772725	 0.9875	 0.9404762
B-PROBLEM	 1588	 158	 180	 0.90950745	 0.89819	 0.90381324
I-FREQUENCY	 47	 9	 19	 0.83928573	 0.7121212	 0.77049184
I-TEST	 573	 128	 89	 0.81740373	 0.8655589	 0.84079236
B-TEST	 514	 77	 71	 0.86971235	 0.8786325	 0.8741496
B-TREATMENT	 984	 178	 121	 0.8468158	 0.89049774	 0.8681076
B-DOSAGE	 11	 1	 5	 0.9166667	 0.6875	 0.78571427
I-DOSAGE	 12	 1	 5	 0.9230769	 0.7058824	 0.8
I-DRUG	 62	 7	 12	 0.89855075	 0.8378378	 0.8671329
I-ROUTE	 22	 0	 0	 1.0	 1.0	 1.0
B-ROUTE	 16	 0	 3	 1.0	 0.84210527	 0.9142857
B-DURATION	 1	 0	 5	 1.0	 0.16666667	 0.2857143
B-FREQUENCY	 10	 1	 5	 0.90909094	 0.6666667	 0.7692308
I-FORM	 14	 1	 3	 0.93333334	 0.8235294	 0.875
tp: 8450 fp: 1154 fn: 1209 labels: 19
Macro-average	 prec: 0.91659504, rec: 0.7924139, f1: 0.8499928
Micro-average	 prec: 0.87984174, rec: 0.87483174, f1: 0.8773296


Epoch 9/20 started, lr: 0.0028846154, dataset size: 15951


Epoch 9/20 - 111.98s - loss: 417.80075 - avg training loss: 1.0523949 - batches: 397
Quality on validation dataset (20.0%), validation examples = 3190
time to finish evaluation: 29.15s
Total validation loss: 134.8563	Avg validation loss: 1.3221
label	 tp	 fp	 fn	 prec	 rec	 f1
B-DRUG	 312	 24	 30	 0.9285714	 0.9122807	 0.92035395
B-STRENGTH	 24	 0	 10	 1.0	 0.7058824	 0.82758623
I-TREATMENT	 2519	 371	 308	 0.8716263	 0.8910506	 0.88123137
I-DURATION	 11	 6	 8	 0.64705884	 0.57894737	 0.6111111
I-PROBLEM	 4844	 509	 538	 0.9049131	 0.90003717	 0.9024686
I-STRENGTH	 88	 9	 7	 0.9072165	 0.9263158	 0.9166666
B-PROBLEM	 2915	 257	 253	 0.9189786	 0.9201389	 0.91955835
I-FREQUENCY	 59	 9	 14	 0.86764705	 0.8082192	 0.83687943
I-TEST	 890	 235	 130	 0.7911111	 0.872549	 0.82983685
B-TEST	 800	 131	 102	 0.8592911	 0.88691795	 0.87288594
B-TREATMENT	 1650	 222	 222	 0.88141024	 0.88141024	 0.88141024
B-FORM	 0	 0	 3	 0.0	 0.0	 0.0
B-DOSAGE	 24	 5	 14	 0.82758623	 0.6315789	 0.7164179
I-DOSAGE	 30	 7	 17	 0.8108108	 0.63829786	 0.71428573
I-DRUG	 68	 9	 27	 0.8831169	 0.7157895	 0.7906977
I-ROUTE	 21	 4	 2	 0.84	 0.9130435	 0.875
B-ROUTE	 23	 1	 5	 0.9583333	 0.8214286	 0.8846154
B-DURATION	 1	 0	 6	 1.0	 0.14285715	 0.25
B-FREQUENCY	 6	 0	 8	 1.0	 0.42857143	 0.59999996
I-FORM	 20	 2	 5	 0.90909094	 0.8	 0.85106385
tp: 14305 fp: 1801 fn: 1709 labels: 20
Macro-average	 prec: 0.8403381, rec: 0.7187659, f1: 0.7748122
Micro-average	 prec: 0.8881783, rec: 0.89328086, f1: 0.8907223
Quality on test dataset: 
time to finish evaluation: 9.19s
Total test loss: 84.6714	Avg test loss: 1.3657
label	 tp	 fp	 fn	 prec	 rec	 f1
B-DRUG	 198	 23	 20	 0.8959276	 0.9082569	 0.9020502
B-STRENGTH	 24	 0	 2	 1.0	 0.9230769	 0.96000004
I-TREATMENT	 1475	 211	 206	 0.8748517	 0.8774539	 0.8761509
I-DURATION	 15	 0	 12	 1.0	 0.5555556	 0.71428573
I-PROBLEM	 2889	 369	 366	 0.8867403	 0.8875576	 0.8871488
I-STRENGTH	 78	 7	 2	 0.91764706	 0.975	 0.9454546
B-PROBLEM	 1614	 166	 154	 0.90674156	 0.9128959	 0.90980834
I-FREQUENCY	 44	 5	 22	 0.8979592	 0.6666667	 0.7652174
I-TEST	 583	 145	 79	 0.80082417	 0.88066465	 0.83884895
B-TEST	 516	 83	 69	 0.8614357	 0.8820513	 0.8716216
B-TREATMENT	 959	 144	 146	 0.86944693	 0.8678733	 0.86865944
B-DOSAGE	 12	 1	 4	 0.9230769	 0.75	 0.82758623
I-DOSAGE	 13	 2	 4	 0.8666667	 0.7647059	 0.8125
I-DRUG	 63	 9	 11	 0.875	 0.8513514	 0.86301374
I-ROUTE	 22	 0	 0	 1.0	 1.0	 1.0
B-ROUTE	 16	 0	 3	 1.0	 0.84210527	 0.9142857
B-DURATION	 1	 1	 5	 0.5	 0.16666667	 0.25
B-FREQUENCY	 11	 1	 4	 0.9166667	 0.73333335	 0.8148148
I-FORM	 13	 1	 4	 0.9285714	 0.7647059	 0.83870965
tp: 8546 fp: 1168 fn: 1113 labels: 19
Macro-average	 prec: 0.89060825, rec: 0.80052215, f1: 0.8431658
Micro-average	 prec: 0.87976116, rec: 0.8847707, f1: 0.88225883


Epoch 10/20 started, lr: 0.0028708135, dataset size: 15951


Epoch 10/20 - 112.69s - loss: 391.23996 - avg training loss: 0.9854911 - batches: 397
Quality on validation dataset (20.0%), validation examples = 3190
time to finish evaluation: 29.70s
Total validation loss: 137.4258	Avg validation loss: 1.3473
label	 tp	 fp	 fn	 prec	 rec	 f1
B-DRUG	 306	 22	 36	 0.93292683	 0.8947368	 0.91343284
B-STRENGTH	 28	 1	 6	 0.9655172	 0.8235294	 0.8888889
I-TREATMENT	 2608	 518	 219	 0.834293	 0.92253274	 0.8761969
I-DURATION	 11	 4	 8	 0.73333335	 0.57894737	 0.64705884
I-PROBLEM	 4864	 540	 518	 0.900074	 0.9037533	 0.9019099
I-STRENGTH	 90	 11	 5	 0.8910891	 0.94736844	 0.9183673
B-PROBLEM	 2942	 301	 226	 0.9071847	 0.92866164	 0.91779757
I-FREQUENCY	 62	 7	 11	 0.89855075	 0.84931505	 0.8732394
I-TEST	 857	 172	 163	 0.8328474	 0.8401961	 0.8365056
B-TEST	 780	 105	 122	 0.88135594	 0.864745	 0.8729715
B-TREATMENT	 1705	 271	 167	 0.86285424	 0.9107906	 0.8861746
B-FORM	 0	 0	 3	 0.0	 0.0	 0.0
B-DOSAGE	 25	 6	 13	 0.8064516	 0.65789473	 0.7246376
I-DOSAGE	 34	 14	 13	 0.7083333	 0.7234042	 0.71578944
I-DRUG	 69	 12	 26	 0.8518519	 0.7263158	 0.78409094
I-ROUTE	 21	 3	 2	 0.875	 0.9130435	 0.89361703
B-ROUTE	 23	 2	 5	 0.92	 0.8214286	 0.8679245
B-DURATION	 1	 0	 6	 1.0	 0.14285715	 0.25
B-FREQUENCY	 9	 0	 5	 1.0	 0.64285713	 0.78260875
I-FORM	 20	 1	 5	 0.95238096	 0.8	 0.86956525
tp: 14455 fp: 1990 fn: 1559 labels: 20
Macro-average	 prec: 0.83770216, rec: 0.74461895, f1: 0.78842264
Micro-average	 prec: 0.8789906, rec: 0.9026477, f1: 0.8906621
Quality on test dataset: 
time to finish evaluation: 8.89s
Total test loss: 85.2013	Avg test loss: 1.3742
label	 tp	 fp	 fn	 prec	 rec	 f1
B-DRUG	 191	 19	 27	 0.9095238	 0.8761468	 0.8925234
B-STRENGTH	 26	 1	 0	 0.962963	 1.0	 0.9811321
I-TREATMENT	 1525	 299	 156	 0.8360746	 0.9071981	 0.87018543
I-DURATION	 16	 0	 11	 1.0	 0.5925926	 0.74418604
I-PROBLEM	 2890	 337	 365	 0.89556867	 0.8878648	 0.8917001
I-STRENGTH	 79	 6	 1	 0.92941177	 0.9875	 0.95757574
B-PROBLEM	 1629	 195	 139	 0.8930921	 0.9213801	 0.9070156
I-FREQUENCY	 50	 7	 16	 0.877193	 0.75757575	 0.8130081
I-TEST	 586	 137	 76	 0.81051177	 0.8851964	 0.84620935
B-TEST	 513	 77	 72	 0.8694915	 0.8769231	 0.8731914
B-TREATMENT	 988	 176	 117	 0.84879726	 0.89411765	 0.8708682
B-DOSAGE	 11	 2	 5	 0.84615386	 0.6875	 0.7586207
I-DOSAGE	 15	 6	 2	 0.71428573	 0.88235295	 0.7894737
I-DRUG	 62	 7	 12	 0.89855075	 0.8378378	 0.8671329
I-ROUTE	 22	 0	 0	 1.0	 1.0	 1.0
B-ROUTE	 15	 0	 4	 1.0	 0.7894737	 0.88235295
B-DURATION	 2	 0	 4	 1.0	 0.33333334	 0.5
B-FREQUENCY	 11	 1	 4	 0.9166667	 0.73333335	 0.8148148
I-FORM	 12	 0	 5	 1.0	 0.7058824	 0.82758623
tp: 8643 fp: 1270 fn: 1016 labels: 19
Macro-average	 prec: 0.9056992, rec: 0.8187478, f1: 0.86003137
Micro-average	 prec: 0.8718854, rec: 0.8948131, f1: 0.88320047


Epoch 11/20 started, lr: 0.002857143, dataset size: 15951


Epoch 11/20 - 112.93s - loss: 365.1383 - avg training loss: 0.91974384 - batches: 397
Quality on validation dataset (20.0%), validation examples = 3190
time to finish evaluation: 29.25s
Total validation loss: 137.4589	Avg validation loss: 1.3476
label	 tp	 fp	 fn	 prec	 rec	 f1
B-DRUG	 303	 18	 39	 0.94392526	 0.88596493	 0.91402715
B-STRENGTH	 30	 2	 4	 0.9375	 0.88235295	 0.90909094
I-TREATMENT	 2487	 420	 340	 0.85552114	 0.8797312	 0.8674573
I-DURATION	 16	 10	 3	 0.61538464	 0.84210527	 0.71111107
I-PROBLEM	 4912	 640	 470	 0.8847262	 0.91267186	 0.8984818
I-STRENGTH	 91	 10	 4	 0.9009901	 0.95789474	 0.92857146
B-PROBLEM	 2923	 263	 245	 0.9174513	 0.92266417	 0.9200503
I-FREQUENCY	 62	 8	 11	 0.8857143	 0.84931505	 0.8671329
I-TEST	 908	 287	 112	 0.7598326	 0.8901961	 0.8198645
B-TEST	 794	 134	 108	 0.85560346	 0.8802661	 0.8677596
B-TREATMENT	 1664	 260	 208	 0.8648649	 0.8888889	 0.8767123
B-FORM	 0	 0	 3	 0.0	 0.0	 0.0
B-DOSAGE	 27	 5	 11	 0.84375	 0.7105263	 0.7714286
I-DOSAGE	 35	 12	 12	 0.7446808	 0.7446808	 0.7446808
I-DRUG	 68	 6	 27	 0.9189189	 0.7157895	 0.80473375
I-ROUTE	 21	 3	 2	 0.875	 0.9130435	 0.89361703
B-ROUTE	 23	 0	 5	 1.0	 0.8214286	 0.90196085
B-DURATION	 1	 1	 6	 0.5	 0.14285715	 0.22222224
B-FREQUENCY	 7	 1	 7	 0.875	 0.5	 0.6363636
I-FORM	 21	 0	 4	 1.0	 0.84	 0.9130435
tp: 14393 fp: 2080 fn: 1621 labels: 20
Macro-average	 prec: 0.80894315, rec: 0.75901896, f1: 0.7831862
Micro-average	 prec: 0.87373275, rec: 0.89877605, f1: 0.88607746
Quality on test dataset: 
time to finish evaluation: 9.07s
Total test loss: 84.3128	Avg test loss: 1.3599
label	 tp	 fp	 fn	 prec	 rec	 f1
B-DRUG	 193	 16	 25	 0.923445	 0.8853211	 0.9039812
B-STRENGTH	 26	 0	 0	 1.0	 1.0	 1.0
I-TREATMENT	 1500	 225	 181	 0.8695652	 0.892326	 0.88079864
I-DURATION	 16	 0	 11	 1.0	 0.5925926	 0.74418604
I-PROBLEM	 2946	 404	 309	 0.879403	 0.9050691	 0.89205146
I-STRENGTH	 79	 3	 1	 0.9634146	 0.9875	 0.97530866
B-PROBLEM	 1624	 181	 144	 0.899723	 0.91855204	 0.9090401
I-FREQUENCY	 49	 10	 17	 0.8305085	 0.74242425	 0.784
I-TEST	 587	 151	 75	 0.79539293	 0.88670695	 0.8385714
B-TEST	 516	 83	 69	 0.8614357	 0.8820513	 0.8716216
B-TREATMENT	 983	 170	 122	 0.85255855	 0.88959277	 0.87068206
B-FORM	 0	 2	 0	 0.0	 0.0	 0.0
B-DOSAGE	 12	 3	 4	 0.8	 0.75	 0.7741936
I-DOSAGE	 17	 2	 0	 0.8947368	 1.0	 0.9444445
I-DRUG	 61	 5	 13	 0.92424244	 0.8243243	 0.87142855
I-ROUTE	 22	 0	 0	 1.0	 1.0	 1.0
B-ROUTE	 16	 0	 3	 1.0	 0.84210527	 0.9142857
B-DURATION	 2	 0	 4	 1.0	 0.33333334	 0.5
B-FREQUENCY	 10	 2	 5	 0.8333333	 0.6666667	 0.7407408
I-FORM	 13	 1	 4	 0.9285714	 0.7647059	 0.83870965
tp: 8672 fp: 1258 fn: 987 labels: 20
Macro-average	 prec: 0.8628165, rec: 0.78816354, f1: 0.8238023
Micro-average	 prec: 0.8733132, rec: 0.8978155, f1: 0.8853949


Epoch 12/20 started, lr: 0.002843602, dataset size: 15951


Epoch 12/20 - 112.53s - loss: 350.55054 - avg training loss: 0.8829988 - batches: 397
Quality on validation dataset (20.0%), validation examples = 3190
time to finish evaluation: 29.38s
Total validation loss: 144.8883	Avg validation loss: 1.4205
label	 tp	 fp	 fn	 prec	 rec	 f1
B-DRUG	 303	 16	 39	 0.9498433	 0.88596493	 0.9167927
B-STRENGTH	 29	 1	 5	 0.96666664	 0.85294116	 0.90625
I-TREATMENT	 2589	 539	 238	 0.8276854	 0.91581184	 0.86952144
I-DURATION	 16	 24	 3	 0.4	 0.84210527	 0.54237294
I-PROBLEM	 4851	 600	 531	 0.88992846	 0.9013378	 0.89559686
I-STRENGTH	 91	 14	 4	 0.8666667	 0.95789474	 0.91
B-PROBLEM	 2925	 288	 243	 0.91036415	 0.92329544	 0.91678417
I-FREQUENCY	 55	 6	 18	 0.90163934	 0.75342464	 0.8208955
I-TEST	 882	 256	 138	 0.77504396	 0.86470586	 0.8174235
B-TEST	 800	 146	 102	 0.845666	 0.88691795	 0.86580086
B-TREATMENT	 1671	 246	 201	 0.8716745	 0.8926282	 0.8820269
B-FORM	 0	 0	 3	 0.0	 0.0	 0.0
B-DOSAGE	 24	 5	 14	 0.82758623	 0.6315789	 0.7164179
I-DOSAGE	 33	 9	 14	 0.78571427	 0.70212764	 0.74157304
I-DRUG	 73	 8	 22	 0.90123457	 0.76842105	 0.82954544
I-ROUTE	 21	 3	 2	 0.875	 0.9130435	 0.89361703
B-ROUTE	 22	 2	 6	 0.9166667	 0.78571427	 0.84615386
B-DURATION	 1	 1	 6	 0.5	 0.14285715	 0.22222224
B-FREQUENCY	 6	 0	 8	 1.0	 0.42857143	 0.59999996
I-FORM	 21	 1	 4	 0.95454544	 0.84	 0.893617
tp: 14413 fp: 2165 fn: 1601 labels: 20
Macro-average	 prec: 0.79829633, rec: 0.74446714, f1: 0.77044266
Micro-average	 prec: 0.8694052, rec: 0.90002495, f1: 0.88445014
Quality on test dataset: 
time to finish evaluation: 9.07s
Total test loss: 88.9341	Avg test loss: 1.4344
label	 tp	 fp	 fn	 prec	 rec	 f1
B-DRUG	 191	 20	 27	 0.9052133	 0.8761468	 0.89044285
B-STRENGTH	 25	 0	 1	 1.0	 0.96153843	 0.98039216
I-TREATMENT	 1537	 270	 144	 0.85058105	 0.9143367	 0.88130736
I-DURATION	 16	 9	 11	 0.64	 0.5925926	 0.61538464
I-PROBLEM	 2900	 410	 355	 0.8761329	 0.89093703	 0.883473
I-STRENGTH	 79	 9	 1	 0.89772725	 0.9875	 0.9404762
B-PROBLEM	 1627	 184	 141	 0.8983987	 0.92024887	 0.9091925
I-FREQUENCY	 51	 10	 15	 0.8360656	 0.77272725	 0.80314964
I-TEST	 591	 154	 71	 0.7932886	 0.89274925	 0.8400853
B-TEST	 523	 94	 62	 0.84764993	 0.8940171	 0.8702163
B-TREATMENT	 969	 155	 136	 0.86209965	 0.8769231	 0.8694482
B-DOSAGE	 10	 1	 6	 0.90909094	 0.625	 0.7407407
I-DOSAGE	 11	 1	 6	 0.9166667	 0.64705884	 0.75862074
I-DRUG	 60	 6	 14	 0.90909094	 0.8108108	 0.85714287
I-ROUTE	 22	 0	 0	 1.0	 1.0	 1.0
B-ROUTE	 15	 0	 4	 1.0	 0.7894737	 0.88235295
B-DURATION	 1	 2	 5	 0.33333334	 0.16666667	 0.22222224
B-FREQUENCY	 10	 0	 5	 1.0	 0.6666667	 0.8
I-FORM	 12	 2	 5	 0.85714287	 0.7058824	 0.7741936
tp: 8650 fp: 1327 fn: 1009 labels: 19
Macro-average	 prec: 0.85960436, rec: 0.7890146, f1: 0.8227982
Micro-average	 prec: 0.8669941, rec: 0.89553785, f1: 0.8810348


Epoch 13/20 started, lr: 0.002830189, dataset size: 15951


Epoch 13/20 - 113.07s - loss: 332.07733 - avg training loss: 0.83646685 - batches: 397
Quality on validation dataset (20.0%), validation examples = 3190
time to finish evaluation: 29.19s
Total validation loss: 152.7439	Avg validation loss: 1.4975
label	 tp	 fp	 fn	 prec	 rec	 f1
B-DRUG	 312	 23	 30	 0.93134326	 0.9122807	 0.9217134
B-STRENGTH	 27	 1	 7	 0.96428573	 0.7941176	 0.8709678
I-TREATMENT	 2613	 542	 214	 0.8282092	 0.9243014	 0.87362087
I-DURATION	 16	 10	 3	 0.61538464	 0.84210527	 0.71111107
I-PROBLEM	 4531	 267	 851	 0.9443518	 0.8418803	 0.8901768
I-STRENGTH	 91	 14	 4	 0.8666667	 0.95789474	 0.91
B-PROBLEM	 2899	 227	 269	 0.92738324	 0.91508836	 0.92119473
I-FREQUENCY	 62	 8	 11	 0.8857143	 0.84931505	 0.8671329
I-TEST	 893	 279	 127	 0.76194537	 0.8754902	 0.814781
B-TEST	 793	 150	 109	 0.8409332	 0.8791574	 0.8596206
B-TREATMENT	 1708	 288	 164	 0.8557114	 0.91239315	 0.8831437
B-FORM	 0	 0	 3	 0.0	 0.0	 0.0
B-DOSAGE	 22	 4	 16	 0.84615386	 0.57894737	 0.68749994
I-DOSAGE	 28	 7	 19	 0.8	 0.59574467	 0.68292683
I-DRUG	 75	 7	 20	 0.91463417	 0.7894737	 0.84745765
I-ROUTE	 21	 3	 2	 0.875	 0.9130435	 0.89361703
B-ROUTE	 23	 3	 5	 0.88461536	 0.8214286	 0.8518518
B-DURATION	 1	 0	 6	 1.0	 0.14285715	 0.25
B-FREQUENCY	 8	 2	 6	 0.8	 0.5714286	 0.6666667
I-FORM	 21	 1	 4	 0.95454544	 0.84	 0.893617
tp: 14144 fp: 1836 fn: 1870 labels: 20
Macro-average	 prec: 0.8248439, rec: 0.74784744, f1: 0.7844609
Micro-average	 prec: 0.8851064, rec: 0.88322717, f1: 0.8841658
Quality on test dataset: 
time to finish evaluation: 8.92s
Total test loss: 93.9515	Avg test loss: 1.5153
label	 tp	 fp	 fn	 prec	 rec	 f1
B-DRUG	 194	 16	 24	 0.9238095	 0.88990825	 0.906542
B-STRENGTH	 25	 0	 1	 1.0	 0.96153843	 0.98039216
I-TREATMENT	 1552	 274	 129	 0.84994525	 0.92326	 0.88508695
I-DURATION	 16	 3	 11	 0.84210527	 0.5925926	 0.6956522
I-PROBLEM	 2706	 187	 549	 0.9353612	 0.8313364	 0.8802862
I-STRENGTH	 79	 3	 1	 0.9634146	 0.9875	 0.97530866
B-PROBLEM	 1602	 158	 166	 0.9102273	 0.9061086	 0.90816325
I-FREQUENCY	 50	 5	 16	 0.90909094	 0.75757575	 0.8264463
I-TEST	 592	 174	 70	 0.7728459	 0.8942598	 0.82913166
B-TEST	 521	 102	 64	 0.83627605	 0.8905983	 0.86258274
B-TREATMENT	 1000	 190	 105	 0.84033614	 0.9049774	 0.8714597
B-DOSAGE	 10	 1	 6	 0.90909094	 0.625	 0.7407407
I-DOSAGE	 14	 2	 3	 0.875	 0.8235294	 0.8484849
I-DRUG	 64	 4	 10	 0.9411765	 0.8648649	 0.90140843
I-ROUTE	 22	 0	 0	 1.0	 1.0	 1.0
B-ROUTE	 16	 0	 3	 1.0	 0.84210527	 0.9142857
B-DURATION	 1	 0	 5	 1.0	 0.16666667	 0.2857143
B-FREQUENCY	 11	 3	 4	 0.78571427	 0.73333335	 0.7586207
I-FORM	 12	 0	 5	 1.0	 0.7058824	 0.82758623
tp: 8487 fp: 1122 fn: 1172 labels: 19
Macro-average	 prec: 0.91023123, rec: 0.80531776, f1: 0.8545665
Micro-average	 prec: 0.88323444, rec: 0.8786624, f1: 0.88094246


Epoch 14/20 started, lr: 0.0028169013, dataset size: 15951


Epoch 14/20 - 111.93s - loss: 321.63455 - avg training loss: 0.8101626 - batches: 397
Quality on validation dataset (20.0%), validation examples = 3190
time to finish evaluation: 29.60s
Total validation loss: 141.0085	Avg validation loss: 1.3824
label	 tp	 fp	 fn	 prec	 rec	 f1
B-DRUG	 319	 29	 23	 0.9166667	 0.93274856	 0.9246377
B-STRENGTH	 29	 1	 5	 0.96666664	 0.85294116	 0.90625
I-TREATMENT	 2502	 364	 325	 0.8729937	 0.8850371	 0.87897414
I-DURATION	 6	 0	 13	 1.0	 0.31578946	 0.48
I-PROBLEM	 4711	 428	 671	 0.9167153	 0.87532514	 0.8955422
I-STRENGTH	 91	 12	 4	 0.88349515	 0.95789474	 0.9191919
B-PROBLEM	 2889	 202	 279	 0.934649	 0.9119318	 0.9231507
I-FREQUENCY	 63	 7	 10	 0.9	 0.8630137	 0.8811189
I-TEST	 796	 84	 224	 0.9045454	 0.78039217	 0.83789474
B-TEST	 748	 66	 154	 0.9189189	 0.8292683	 0.8717949
B-TREATMENT	 1658	 199	 214	 0.8928379	 0.8856838	 0.88924646
B-FORM	 0	 1	 3	 0.0	 0.0	 0.0
B-DOSAGE	 28	 7	 10	 0.8	 0.7368421	 0.7671233
I-DOSAGE	 34	 11	 13	 0.75555557	 0.7234042	 0.73913044
I-DRUG	 84	 12	 11	 0.875	 0.8842105	 0.8795811
I-ROUTE	 21	 3	 2	 0.875	 0.9130435	 0.89361703
B-ROUTE	 25	 4	 3	 0.86206895	 0.89285713	 0.877193
B-DURATION	 2	 0	 5	 1.0	 0.2857143	 0.44444448
B-FREQUENCY	 7	 1	 7	 0.875	 0.5	 0.6363636
I-FORM	 20	 2	 5	 0.90909094	 0.8	 0.85106385
tp: 14033 fp: 1433 fn: 1981 labels: 20
Macro-average	 prec: 0.8529601, rec: 0.74130493, f1: 0.7932226
Micro-average	 prec: 0.9073451, rec: 0.87629575, f1: 0.8915502
Quality on test dataset: 
time to finish evaluation: 9.06s
Total test loss: 86.9810	Avg test loss: 1.4029
label	 tp	 fp	 fn	 prec	 rec	 f1
B-DRUG	 199	 25	 19	 0.88839287	 0.91284406	 0.90045255
B-STRENGTH	 26	 1	 0	 0.962963	 1.0	 0.9811321
I-TREATMENT	 1496	 188	 185	 0.88836104	 0.88994646	 0.88915306
I-DURATION	 11	 0	 16	 1.0	 0.4074074	 0.57894737
I-PROBLEM	 2811	 270	 444	 0.9123661	 0.8635945	 0.8873106
I-STRENGTH	 79	 8	 1	 0.90804595	 0.9875	 0.94610775
B-PROBLEM	 1596	 136	 172	 0.92147803	 0.9027149	 0.91199994
I-FREQUENCY	 49	 9	 17	 0.8448276	 0.74242425	 0.7903226
I-TEST	 532	 93	 130	 0.8512	 0.8036254	 0.82672876
B-TEST	 492	 62	 93	 0.8880866	 0.84102565	 0.8639157
B-TREATMENT	 960	 138	 145	 0.87431693	 0.8687783	 0.8715389
B-FORM	 0	 3	 0	 0.0	 0.0	 0.0
B-DOSAGE	 10	 2	 6	 0.8333333	 0.625	 0.71428573
I-DOSAGE	 11	 2	 6	 0.84615386	 0.64705884	 0.73333335
I-DRUG	 65	 9	 9	 0.8783784	 0.8783784	 0.87837833
I-ROUTE	 22	 0	 0	 1.0	 1.0	 1.0
B-ROUTE	 16	 2	 3	 0.8888889	 0.84210527	 0.8648648
B-DURATION	 2	 0	 4	 1.0	 0.33333334	 0.5
B-FREQUENCY	 10	 1	 5	 0.90909094	 0.6666667	 0.7692308
I-FORM	 14	 1	 3	 0.93333334	 0.8235294	 0.875
tp: 8401 fp: 950 fn: 1258 labels: 20
Macro-average	 prec: 0.8614608, rec: 0.7517966, f1: 0.8029014
Micro-average	 prec: 0.89840657, rec: 0.8697588, f1: 0.8838506
Early stopping: test set macro F1 has not improved for more than 5 epochs
